###BOTTLING### applywinetricks.sh
###BOTTLING### Gathering debug Info...

Versions
OS...........................: darwin15
Wine.........................: 1.7.53
WineBottler..................: 1.7.53

Environment
PWD..........................: '/Volumes/WineBottler Combo/Wine.app/Contents/Resources/bin'
PATH.........................: /Volumes/WineBottler Combo/Wine.app/Contents/Resources/bin:/usr/bin:/bin:/usr/sbin:/sbin
USER.........................: Lucas
HOME.........................: /Users/Lucas
COMPUTERNAME.................: Lucas’s iMac
BUNDLERESOURCEPATH...........: /Volumes/WineBottler Combo/Wine.app/Contents/Frameworks/WBottler.framework/Resources
WINEPATH.....................: /Volumes/WineBottler Combo/Wine.app/Contents/Resources/bin
LD_LIBRARY_PATH..............: 
DYLD_FALLBACK_LIBRARY_PATH...: 
SILENT.......................: 
http_proxy...................: 
https_proxy..................: 
ftp_proxy....................: 
socks5_proxy.................: 

Bottle
TEMPLATE.....................: 
BOTTLE.......................: /Users/Lucas/Wine Files
INSTALLER_URL................: 
INSTALLER_IS_ZIPPED..........: 0
INSTALLER_NAME...............: 
INSTALLER_ARGUMENTS..........: 
REMOVE_MONO..................: 
REMOVE_GECKO.................: 
REMOVE_USERS.................: 
REMOVE_INSTALLERS............: 
WINETRICKS_ITEMS.............:  textpad npp
DLL_OVERRIDES................: 
EXECUTABLE_PATH..............: notneeded
EXECUTABLE_ARGUMENTS.........: 
EXECUTABLE_VERSION...........: 1.0.0
BUNDLE_COPYRIGHT.............: 
BUNDLE_IDENTIFIER............: org.kronenberg.winebottler
BUNDLE_CATEGORYTYPE..........: public.app-category.utilities
SILENT.......................: 

Hardware:

    Hardware Overview:

      Model Name: iMac
      Model Identifier: iMac12,1
      Processor Name: Intel Core i5
      Processor Speed: 2.5 GHz
      Number of Processors: 1
      Total Number of Cores: 4
      L2 Cache (per Core): 256 KB
      L3 Cache: 6 MB
      Memory: 8 GB
      Boot ROM Version: IM121.0047.B21
      SMC Version (system): 1.71f22
      Serial Number (system): C17G5336DHJF
      Hardware UUID: FF5D4F39-B225-5B9C-82FA-FC6DA1F9CF04

###BOTTLING### installing textpad
------------------------------------------------------
/private/tmp/winebottler_1449110245/nospace/wine cmd.exe /c echo '%ProgramFiles%' returned empty string, error message 'wine: chdir to /private/tmp/winebottler_1449110245/nospace/wineprefix
 : No such file or directory'
------------------------------------------------------
### LOG ### Command 'sh /private/tmp/winebottler_1449110245/nospace/winetricks.sh --no-isolate textpad' returned status 1.



Task returned with status 1.